<?xml version="1.0" encoding="UTF-8"?>
<!-- Generated by org.testng.reporters.JUnitXMLReporter -->
<testsuite ignored="0" hostname="DESKTOP-H4KFMF6" failures="0" tests="4" name="Default test(failed)" time="5.636" errors="0" timestamp="2023-02-11T07:40:23 IST">
  <testcase classname="test.BaseTest" name="@BeforeClass initBrowser" time="5.532">
    <failure type="org.openqa.selenium.WebDriverException" message="unknown error: net::ERR_INTERNET_DISCONNECTED
  (Session info: chrome=109.0.5414.120)
Build info: version: &amp;apos;4.7.2&amp;apos;, revision: &amp;apos;4d4020c3b7&amp;apos;
System info: os.name: &amp;apos;Windows 10&amp;apos;, os.arch: &amp;apos;amd64&amp;apos;, os.version: &amp;apos;10.0&amp;apos;, java.version: &amp;apos;15.0.1&amp;apos;
Driver info: org.openqa.selenium.chrome.ChromeDriver
Command: [ffe3fc01c7570cc366f3435098e61817, get {url=https://opensource-demo.orangehrmlive.com/web/index.php/auth/login}]
Capabilities {acceptInsecureCerts: false, browserName: chrome, browserVersion: 109.0.5414.120, chrome: {chromedriverVersion: 109.0.5414.74 (e7c5703604da..., userDataDir: C:\Users\anita\AppData\Loca...}, goog:chromeOptions: {debuggerAddress: localhost:62853}, networkConnectionEnabled: false, pageLoadStrategy: normal, platformName: WINDOWS, proxy: Proxy(), se:cdp: ws://localhost:62853/devtoo..., se:cdpVersion: 109.0.5414.120, setWindowRect: true, strictFileInteractability: false, timeouts: {implicit: 0, pageLoad: 300000, script: 30000}, unhandledPromptBehavior: dismiss and notify, webauthn:extension:credBlob: true, webauthn:extension:largeBlob: true, webauthn:virtualAuthenticators: true}
Session ID: ffe3fc01c7570cc366f3435098e61817">
      <![CDATA[org.openqa.selenium.WebDriverException: unknown error: net::ERR_INTERNET_DISCONNECTED
  (Session info: chrome=109.0.5414.120)
Build info: version: '4.7.2', revision: '4d4020c3b7'
System info: os.name: 'Windows 10', os.arch: 'amd64', os.version: '10.0', java.version: '15.0.1'
Driver info: org.openqa.selenium.chrome.ChromeDriver
Command: [ffe3fc01c7570cc366f3435098e61817, get {url=https://opensource-demo.orangehrmlive.com/web/index.php/auth/login}]
Capabilities {acceptInsecureCerts: false, browserName: chrome, browserVersion: 109.0.5414.120, chrome: {chromedriverVersion: 109.0.5414.74 (e7c5703604da..., userDataDir: C:\Users\anita\AppData\Loca...}, goog:chromeOptions: {debuggerAddress: localhost:62853}, networkConnectionEnabled: false, pageLoadStrategy: normal, platformName: WINDOWS, proxy: Proxy(), se:cdp: ws://localhost:62853/devtoo..., se:cdpVersion: 109.0.5414.120, setWindowRect: true, strictFileInteractability: false, timeouts: {implicit: 0, pageLoad: 300000, script: 30000}, unhandledPromptBehavior: dismiss and notify, webauthn:extension:credBlob: true, webauthn:extension:largeBlob: true, webauthn:virtualAuthenticators: true}
Session ID: ffe3fc01c7570cc366f3435098e61817
at org.openqa.selenium.remote.codec.w3c.W3CHttpResponseCodec.createException(W3CHttpResponseCodec.java:200)
at org.openqa.selenium.remote.codec.w3c.W3CHttpResponseCodec.decode(W3CHttpResponseCodec.java:133)
at org.openqa.selenium.remote.codec.w3c.W3CHttpResponseCodec.decode(W3CHttpResponseCodec.java:53)
at org.openqa.selenium.remote.HttpCommandExecutor.execute(HttpCommandExecutor.java:184)
at org.openqa.selenium.remote.service.DriverCommandExecutor.invokeExecute(DriverCommandExecutor.java:167)
at org.openqa.selenium.remote.service.DriverCommandExecutor.execute(DriverCommandExecutor.java:142)
at org.openqa.selenium.remote.RemoteWebDriver.execute(RemoteWebDriver.java:535)
at org.openqa.selenium.remote.RemoteWebDriver.get(RemoteWebDriver.java:296)
at test.BaseTest.initBrowser(BaseTest.java:19)
at java.base/java.util.ArrayList.forEach(ArrayList.java:1511)
... Removed 30 stack frames]]>
    </failure>
  </testcase> <!-- @BeforeClass initBrowser -->
  <testcase classname="test.BaseTest" name="@BeforeClass pageobjects" time="-1.676081422928E9">
    <skipped/>
  </testcase> <!-- @BeforeClass pageobjects -->
  <testcase classname="test.BaseTest" name="@AfterClass tearDowmEnvirnment" time="-1.67608142299E9">
    <skipped/>
  </testcase> <!-- @AfterClass tearDowmEnvirnment -->
  <testcase classname="test.LoginTest" name="verifyBuildTitleName" time="0.0">
    <skipped/>
  </testcase> <!-- verifyBuildTitleName -->
  <testcase classname="test.LoginTest" name="verifyTitleofLoginPage" time="0.0">
    <skipped/>
  </testcase> <!-- verifyTitleofLoginPage -->
  <testcase classname="test.LoginTest" name="verifyCurrentUrlofPage" time="0.0">
    <skipped/>
  </testcase> <!-- verifyCurrentUrlofPage -->
  <testcase classname="test.LoginTest" name="verifyLoginwithCorrectCredientials" time="0.0">
    <skipped/>
  </testcase> <!-- verifyLoginwithCorrectCredientials -->
</testsuite> <!-- Default test(failed) -->
